2025-02-01 13:41:25,278 - INFO - start logger
2025-02-01 13:43:43,130 - INFO - Epoch 1/50 | Train Loss: 0.1924 | Val Loss: 0.0703
2025-02-01 13:43:43,131 - INFO -   -> Current Learning Rate: 0.000010
2025-02-01 13:43:43,206 - INFO -   -> Best model saved at epoch 1 (val_loss=0.0703)
2025-02-01 13:45:55,311 - INFO - Epoch 2/50 | Train Loss: 0.0779 | Val Loss: 0.0578
2025-02-01 13:45:55,312 - INFO -   -> Current Learning Rate: 0.000010
2025-02-01 13:45:55,388 - INFO -   -> Best model saved at epoch 2 (val_loss=0.0578)
2025-02-01 13:48:07,256 - INFO - Epoch 3/50 | Train Loss: 0.0653 | Val Loss: 0.0480
2025-02-01 13:48:07,257 - INFO -   -> Current Learning Rate: 0.000010
2025-02-01 13:48:07,333 - INFO -   -> Best model saved at epoch 3 (val_loss=0.0480)
2025-02-01 13:50:19,204 - INFO - Epoch 4/50 | Train Loss: 0.0592 | Val Loss: 0.0476
2025-02-01 13:50:19,205 - INFO -   -> Current Learning Rate: 0.000010
2025-02-01 13:50:19,283 - INFO -   -> Best model saved at epoch 4 (val_loss=0.0476)
2025-02-01 13:52:31,026 - INFO - Epoch 5/50 | Train Loss: 0.0555 | Val Loss: 0.0470
2025-02-01 13:52:31,028 - INFO -   -> Current Learning Rate: 0.000010
2025-02-01 13:52:31,106 - INFO -   -> Best model saved at epoch 5 (val_loss=0.0470)
2025-02-01 13:54:43,027 - INFO - Epoch 6/50 | Train Loss: 0.0524 | Val Loss: 0.0425
2025-02-01 13:54:43,029 - INFO -   -> Current Learning Rate: 0.000010
2025-02-01 13:54:43,103 - INFO -   -> Best model saved at epoch 6 (val_loss=0.0425)
2025-02-01 13:56:54,999 - INFO - Epoch 7/50 | Train Loss: 0.0501 | Val Loss: 0.0400
2025-02-01 13:56:55,002 - INFO -   -> Current Learning Rate: 0.000010
2025-02-01 13:56:55,076 - INFO -   -> Best model saved at epoch 7 (val_loss=0.0400)
2025-02-01 13:59:07,065 - INFO - Epoch 8/50 | Train Loss: 0.0479 | Val Loss: 0.0394
2025-02-01 13:59:07,066 - INFO -   -> Current Learning Rate: 0.000010
2025-02-01 13:59:07,148 - INFO -   -> Best model saved at epoch 8 (val_loss=0.0394)
2025-02-01 14:01:19,035 - INFO - Epoch 9/50 | Train Loss: 0.0466 | Val Loss: 0.0378
2025-02-01 14:01:19,037 - INFO -   -> Current Learning Rate: 0.000010
2025-02-01 14:01:19,117 - INFO -   -> Best model saved at epoch 9 (val_loss=0.0378)
2025-02-01 14:03:31,042 - INFO - Epoch 10/50 | Train Loss: 0.0452 | Val Loss: 0.0398
2025-02-01 14:03:31,044 - INFO -   -> Current Learning Rate: 0.000010
2025-02-01 14:03:31,045 - INFO -   -> No improvement in validation loss for 1 epoch(s)
2025-02-01 14:05:43,020 - INFO - Epoch 11/50 | Train Loss: 0.0441 | Val Loss: 0.0377
2025-02-01 14:05:43,022 - INFO -   -> Current Learning Rate: 0.000010
2025-02-01 14:05:43,103 - INFO -   -> Best model saved at epoch 11 (val_loss=0.0377)
2025-02-01 14:07:55,075 - INFO - Epoch 12/50 | Train Loss: 0.0432 | Val Loss: 0.0367
2025-02-01 14:07:55,077 - INFO -   -> Current Learning Rate: 0.000010
2025-02-01 14:07:55,161 - INFO -   -> Best model saved at epoch 12 (val_loss=0.0367)
2025-02-01 14:10:07,015 - INFO - Epoch 13/50 | Train Loss: 0.0422 | Val Loss: 0.0361
2025-02-01 14:10:07,016 - INFO -   -> Current Learning Rate: 0.000010
2025-02-01 14:10:07,098 - INFO -   -> Best model saved at epoch 13 (val_loss=0.0361)
2025-02-01 14:12:19,016 - INFO - Epoch 14/50 | Train Loss: 0.0413 | Val Loss: 0.0358
2025-02-01 14:12:19,018 - INFO -   -> Current Learning Rate: 0.000010
2025-02-01 14:12:19,093 - INFO -   -> Best model saved at epoch 14 (val_loss=0.0358)
2025-02-01 14:14:30,997 - INFO - Epoch 15/50 | Train Loss: 0.0409 | Val Loss: 0.0351
2025-02-01 14:14:30,999 - INFO -   -> Current Learning Rate: 0.000010
2025-02-01 14:14:31,075 - INFO -   -> Best model saved at epoch 15 (val_loss=0.0351)
2025-02-01 14:16:43,005 - INFO - Epoch 16/50 | Train Loss: 0.0402 | Val Loss: 0.0355
2025-02-01 14:16:43,007 - INFO -   -> Current Learning Rate: 0.000010
2025-02-01 14:16:43,010 - INFO -   -> No improvement in validation loss for 1 epoch(s)
2025-02-01 14:18:55,028 - INFO - Epoch 17/50 | Train Loss: 0.0395 | Val Loss: 0.0357
2025-02-01 14:18:55,029 - INFO -   -> Current Learning Rate: 0.000010
2025-02-01 14:18:55,031 - INFO -   -> No improvement in validation loss for 2 epoch(s)
2025-02-01 14:21:06,930 - INFO - Epoch 18/50 | Train Loss: 0.0391 | Val Loss: 0.0341
2025-02-01 14:21:06,932 - INFO -   -> Current Learning Rate: 0.000010
2025-02-01 14:21:07,018 - INFO -   -> Best model saved at epoch 18 (val_loss=0.0341)
2025-02-01 14:23:18,991 - INFO - Epoch 19/50 | Train Loss: 0.0387 | Val Loss: 0.0343
2025-02-01 14:23:18,992 - INFO -   -> Current Learning Rate: 0.000010
2025-02-01 14:23:18,993 - INFO -   -> No improvement in validation loss for 1 epoch(s)
2025-02-01 14:25:31,032 - INFO - Epoch 20/50 | Train Loss: 0.0383 | Val Loss: 0.0360
2025-02-01 14:25:31,034 - INFO -   -> Current Learning Rate: 0.000010
2025-02-01 14:25:31,036 - INFO -   -> No improvement in validation loss for 2 epoch(s)
2025-02-01 14:27:43,146 - INFO - Epoch 21/50 | Train Loss: 0.0379 | Val Loss: 0.0344
2025-02-01 14:27:43,147 - INFO -   -> Current Learning Rate: 0.000010
2025-02-01 14:27:43,149 - INFO -   -> No improvement in validation loss for 3 epoch(s)
2025-02-01 14:29:55,140 - INFO - Epoch 22/50 | Train Loss: 0.0376 | Val Loss: 0.0337
2025-02-01 14:29:55,142 - INFO -   -> Current Learning Rate: 0.000010
2025-02-01 14:29:55,217 - INFO -   -> Best model saved at epoch 22 (val_loss=0.0337)
2025-02-01 14:32:07,145 - INFO - Epoch 23/50 | Train Loss: 0.0371 | Val Loss: 0.0347
2025-02-01 14:32:07,147 - INFO -   -> Current Learning Rate: 0.000010
2025-02-01 14:32:07,148 - INFO -   -> No improvement in validation loss for 1 epoch(s)
2025-02-01 14:34:19,056 - INFO - Epoch 24/50 | Train Loss: 0.0368 | Val Loss: 0.0349
2025-02-01 14:34:19,058 - INFO -   -> Current Learning Rate: 0.000010
2025-02-01 14:34:19,059 - INFO -   -> No improvement in validation loss for 2 epoch(s)
2025-02-01 14:36:31,055 - INFO - Epoch 25/50 | Train Loss: 0.0365 | Val Loss: 0.0339
2025-02-01 14:36:31,057 - INFO -   -> Current Learning Rate: 0.000010
2025-02-01 14:36:31,059 - INFO -   -> No improvement in validation loss for 3 epoch(s)
2025-02-01 14:38:43,019 - INFO - Epoch 26/50 | Train Loss: 0.0362 | Val Loss: 0.0349
2025-02-01 14:38:43,020 - INFO -   -> Current Learning Rate: 0.000005
2025-02-01 14:38:43,022 - INFO -   -> No improvement in validation loss for 4 epoch(s)
2025-02-01 14:40:55,013 - INFO - Epoch 27/50 | Train Loss: 0.0356 | Val Loss: 0.0331
2025-02-01 14:40:55,016 - INFO -   -> Current Learning Rate: 0.000005
2025-02-01 14:40:55,090 - INFO -   -> Best model saved at epoch 27 (val_loss=0.0331)
2025-02-01 14:43:07,084 - INFO - Epoch 28/50 | Train Loss: 0.0354 | Val Loss: 0.0340
2025-02-01 14:43:07,085 - INFO -   -> Current Learning Rate: 0.000005
2025-02-01 14:43:07,088 - INFO -   -> No improvement in validation loss for 1 epoch(s)
2025-02-01 14:45:19,206 - INFO - Epoch 29/50 | Train Loss: 0.0353 | Val Loss: 0.0339
2025-02-01 14:45:19,207 - INFO -   -> Current Learning Rate: 0.000005
2025-02-01 14:45:19,208 - INFO -   -> No improvement in validation loss for 2 epoch(s)
2025-02-01 14:47:31,033 - INFO - Epoch 30/50 | Train Loss: 0.0352 | Val Loss: 0.0329
2025-02-01 14:47:31,035 - INFO -   -> Current Learning Rate: 0.000005
2025-02-01 14:47:31,112 - INFO -   -> Best model saved at epoch 30 (val_loss=0.0329)
2025-02-01 14:49:43,070 - INFO - Epoch 31/50 | Train Loss: 0.0351 | Val Loss: 0.0334
2025-02-01 14:49:43,071 - INFO -   -> Current Learning Rate: 0.000005
2025-02-01 14:49:43,074 - INFO -   -> No improvement in validation loss for 1 epoch(s)
2025-02-01 14:51:54,888 - INFO - Epoch 32/50 | Train Loss: 0.0349 | Val Loss: 0.0330
2025-02-01 14:51:54,890 - INFO -   -> Current Learning Rate: 0.000005
2025-02-01 14:51:54,891 - INFO -   -> No improvement in validation loss for 2 epoch(s)
2025-02-01 14:54:06,673 - INFO - Epoch 33/50 | Train Loss: 0.0348 | Val Loss: 0.0333
2025-02-01 14:54:06,674 - INFO -   -> Current Learning Rate: 0.000005
2025-02-01 14:54:06,675 - INFO -   -> No improvement in validation loss for 3 epoch(s)
2025-02-01 14:56:18,285 - INFO - Epoch 34/50 | Train Loss: 0.0347 | Val Loss: 0.0332
2025-02-01 14:56:18,287 - INFO -   -> Current Learning Rate: 0.000003
2025-02-01 14:56:18,288 - INFO -   -> No improvement in validation loss for 4 epoch(s)
2025-02-01 14:58:30,163 - INFO - Epoch 35/50 | Train Loss: 0.0343 | Val Loss: 0.0325
2025-02-01 14:58:30,165 - INFO -   -> Current Learning Rate: 0.000003
2025-02-01 14:58:30,244 - INFO -   -> Best model saved at epoch 35 (val_loss=0.0325)
2025-02-01 15:00:42,342 - INFO - Epoch 36/50 | Train Loss: 0.0343 | Val Loss: 0.0330
2025-02-01 15:00:42,343 - INFO -   -> Current Learning Rate: 0.000003
2025-02-01 15:00:42,344 - INFO -   -> No improvement in validation loss for 1 epoch(s)
2025-02-01 15:02:54,401 - INFO - Epoch 37/50 | Train Loss: 0.0342 | Val Loss: 0.0333
2025-02-01 15:02:54,403 - INFO -   -> Current Learning Rate: 0.000003
2025-02-01 15:02:54,404 - INFO -   -> No improvement in validation loss for 2 epoch(s)
2025-02-01 15:05:06,613 - INFO - Epoch 38/50 | Train Loss: 0.0342 | Val Loss: 0.0328
2025-02-01 15:05:06,615 - INFO -   -> Current Learning Rate: 0.000003
2025-02-01 15:05:06,617 - INFO -   -> No improvement in validation loss for 3 epoch(s)
2025-02-01 15:07:18,527 - INFO - Epoch 39/50 | Train Loss: 0.0341 | Val Loss: 0.0335
2025-02-01 15:07:18,529 - INFO -   -> Current Learning Rate: 0.000001
2025-02-01 15:07:18,531 - INFO -   -> No improvement in validation loss for 4 epoch(s)
2025-02-01 15:09:30,512 - INFO - Epoch 40/50 | Train Loss: 0.0340 | Val Loss: 0.0336
2025-02-01 15:09:30,514 - INFO -   -> Current Learning Rate: 0.000001
2025-02-01 15:09:30,516 - INFO -   -> No improvement in validation loss for 5 epoch(s)
2025-02-01 15:11:42,484 - INFO - Epoch 41/50 | Train Loss: 0.0340 | Val Loss: 0.0330
2025-02-01 15:11:42,486 - INFO -   -> Current Learning Rate: 0.000001
2025-02-01 15:11:42,488 - INFO -   -> No improvement in validation loss for 6 epoch(s)
2025-02-01 15:13:54,475 - INFO - Epoch 42/50 | Train Loss: 0.0339 | Val Loss: 0.0328
2025-02-01 15:13:54,476 - INFO -   -> Current Learning Rate: 0.000001
2025-02-01 15:13:54,478 - INFO -   -> No improvement in validation loss for 7 epoch(s)
2025-02-01 15:16:06,486 - INFO - Epoch 43/50 | Train Loss: 0.0339 | Val Loss: 0.0328
2025-02-01 15:16:06,487 - INFO -   -> Current Learning Rate: 0.000001
2025-02-01 15:16:06,490 - INFO -   -> No improvement in validation loss for 8 epoch(s)
2025-02-01 15:18:18,448 - INFO - Epoch 44/50 | Train Loss: 0.0338 | Val Loss: 0.0329
2025-02-01 15:18:18,449 - INFO -   -> Current Learning Rate: 0.000001
2025-02-01 15:18:18,450 - INFO -   -> No improvement in validation loss for 9 epoch(s)
2025-02-01 15:20:30,610 - INFO - Epoch 45/50 | Train Loss: 0.0338 | Val Loss: 0.0326
2025-02-01 15:20:30,612 - INFO -   -> Current Learning Rate: 0.000001
2025-02-01 15:20:30,613 - INFO -   -> No improvement in validation loss for 10 epoch(s)
2025-02-01 15:20:30,615 - INFO - Early stopping triggered.
